<?xml version="1.0" encoding="UTF-8"?>
<testng-results skipped="0" failed="0" ignored="0" total="1" passed="1">
  <reporter-output>
  </reporter-output>
  <suite name="Default suite" duration-ms="31449" started-at="2019-03-14T15:53:17Z" finished-at="2019-03-14T15:53:49Z">
    <groups>
    </groups>
    <test name="Default test" duration-ms="31449" started-at="2019-03-14T15:53:17Z" finished-at="2019-03-14T15:53:49Z">
      <class name="com.training.sanity.tests.ELTC_009Tests">
        <test-method status="PASS" signature="setUpBeforeClass()[pri:0, instance:com.training.sanity.tests.ELTC_009Tests@3bfdc050]" name="setUpBeforeClass" is-config="true" duration-ms="13" started-at="2019-03-14T15:53:17Z" finished-at="2019-03-14T15:53:18Z">
          <reporter-output>
          </reporter-output>
        </test-method> <!-- setUpBeforeClass -->
        <test-method status="PASS" signature="setUp()[pri:0, instance:com.training.sanity.tests.ELTC_009Tests@3bfdc050]" name="setUp" is-config="true" duration-ms="18153" started-at="2019-03-14T15:53:18Z" finished-at="2019-03-14T15:53:36Z">
          <reporter-output>
          </reporter-output>
        </test-method> <!-- setUp -->
        <test-method status="PASS" signature="unSubscriberuser()[pri:0, instance:com.training.sanity.tests.ELTC_009Tests@3bfdc050]" name="unSubscriberuser" duration-ms="11513" started-at="2019-03-14T15:53:36Z" finished-at="2019-03-14T15:53:47Z">
          <reporter-output>
          </reporter-output>
        </test-method> <!-- unSubscriberuser -->
        <test-method status="PASS" signature="tearDown()[pri:0, instance:com.training.sanity.tests.ELTC_009Tests@3bfdc050]" name="tearDown" is-config="true" duration-ms="1744" started-at="2019-03-14T15:53:47Z" finished-at="2019-03-14T15:53:49Z">
          <reporter-output>
          </reporter-output>
        </test-method> <!-- tearDown -->
      </class> <!-- com.training.sanity.tests.ELTC_009Tests -->
    </test> <!-- Default test -->
  </suite> <!-- Default suite -->
</testng-results>
